#
# There is insufficient memory for the Java Runtime Environment to continue.
# Native memory allocation (malloc) failed to allocate 32744 bytes for ChunkPool::allocate
# Possible reasons:
#   The system is out of physical RAM or swap space
#   The process is running with CompressedOops enabled, and the Java Heap may be blocking the growth of the native heap
# Possible solutions:
#   Reduce memory load on the system
#   Increase physical memory or swap space
#   Check if swap backing store is full
#   Decrease Java heap size (-Xmx/-Xms)
#   Decrease number of Java threads
#   Decrease Java thread stack sizes (-Xss)
#   Set larger code cache with -XX:ReservedCodeCacheSize=
#   JVM is running with Unscaled Compressed Oops mode in which the Java heap is
#     placed in the first 4GB address space. The Java Heap base address is the
#     maximum limit for the native heap growth. Please use -XX:HeapBaseMinAddress
#     to set the Java Heap base and to place the Java Heap above 4GB virtual address.
# This output file may be truncated or incomplete.
#
#  Out of Memory Error (allocation.cpp:272), pid=22724, tid=0x0000000000002890
#
# JRE version: OpenJDK Runtime Environment (8.0_242-b01) (build 1.8.0_242-release-1644-b01)
# Java VM: OpenJDK 64-Bit Server VM (25.242-b01 mixed mode windows-amd64 compressed oops)
# Failed to write core dump. Minidumps are not enabled by default on client versions of Windows
#

---------------  T H R E A D  ---------------

Current thread (0x0000000019a66000):  JavaThread "C2 CompilerThread0" daemon [_thread_in_native, id=10384, stack(0x000000001a340000,0x000000001a440000)]

Stack: [0x000000001a340000,0x000000001a440000]
[error occurred during error reporting (printing stack bounds), id 0xc0000005]

Native frames: (J=compiled Java code, j=interpreted, Vv=VM code, C=native code)


Current CompileTask:
C2:   9544 1523       4       java.net.URLClassLoader$1::run (5 bytes)


---------------  P R O C E S S  ---------------

Java Threads: ( => current thread )
  0x000000001b0db000 JavaThread "Cache worker for file hash cache (C:\Users\mal\.gradle\caches\6.5\fileHashes)" [_thread_blocked, id=22568, stack(0x000000001ea60000,0x000000001eb60000)]
  0x000000001b0e1000 JavaThread "File lock request listener" [_thread_in_native, id=23444, stack(0x000000001e960000,0x000000001ea60000)]
  0x000000001b976000 JavaThread "Cache worker for journal cache (C:\Users\mal\.gradle\caches\journal-1)" [_thread_blocked, id=5908, stack(0x000000001e860000,0x000000001e960000)]
  0x000000001b860000 JavaThread "Thread-9" [_thread_blocked, id=1828, stack(0x000000001e560000,0x000000001e660000)]
  0x000000001b85f000 JavaThread "Stdin handler" [_thread_blocked, id=17364, stack(0x000000001e460000,0x000000001e560000)]
  0x000000001b85e800 JavaThread "Asynchronous log dispatcher for DefaultDaemonConnection: socket connection from /127.0.0.1:51901 to /127.0.0.1:51902" [_thread_blocked, id=19528, stack(0x000000001e360000,0x000000001e460000)]
  0x000000001aa54000 JavaThread "Daemon worker" [_thread_in_vm, id=23260, stack(0x000000001e260000,0x000000001e360000)]
  0x000000001aa53000 JavaThread "Cancel handler" [_thread_blocked, id=19532, stack(0x000000001e060000,0x000000001e160000)]
  0x0000000019b1a000 JavaThread "Handler for socket connection from /127.0.0.1:51901 to /127.0.0.1:51902" [_thread_in_native, id=22800, stack(0x000000001df60000,0x000000001e060000)]
  0x000000001a9b8800 JavaThread "Daemon" [_thread_blocked, id=9816, stack(0x000000001de60000,0x000000001df60000)]
  0x000000001a9b5000 JavaThread "Daemon periodic checks" [_thread_blocked, id=21136, stack(0x000000001db60000,0x000000001dc60000)]
  0x000000001b1e5000 JavaThread "Incoming local TCP Connector on port 51901" [_thread_in_native, id=7740, stack(0x000000001d920000,0x000000001da20000)]
  0x000000001c368800 JavaThread "Daemon health stats" [_thread_blocked, id=14680, stack(0x000000001d2e0000,0x000000001d3e0000)]
  0x0000000019b08800 JavaThread "Service Thread" daemon [_thread_blocked, id=16356, stack(0x000000001a740000,0x000000001a840000)]
  0x0000000019ab1000 JavaThread "C1 CompilerThread3" daemon [_thread_blocked, id=9936, stack(0x000000001a640000,0x000000001a740000)]
  0x0000000019a6b800 JavaThread "C2 CompilerThread2" daemon [_thread_in_native, id=11224, stack(0x000000001a540000,0x000000001a640000)]
  0x0000000017c6c800 JavaThread "C2 CompilerThread1" daemon [_thread_blocked, id=16848, stack(0x000000001a440000,0x000000001a540000)]
=>0x0000000019a66000 JavaThread "C2 CompilerThread0" daemon [_thread_in_native, id=10384, stack(0x000000001a340000,0x000000001a440000)]
  0x0000000019a63800 JavaThread "Attach Listener" daemon [_thread_blocked, id=14432, stack(0x000000001a240000,0x000000001a340000)]
  0x0000000019a62800 JavaThread "Signal Dispatcher" daemon [_thread_blocked, id=21736, stack(0x000000001a140000,0x000000001a240000)]
  0x0000000002bac800 JavaThread "Finalizer" daemon [_thread_blocked, id=23088, stack(0x0000000019f30000,0x000000001a030000)]
  0x0000000019a50800 JavaThread "Reference Handler" daemon [_thread_blocked, id=11396, stack(0x0000000019e30000,0x0000000019f30000)]
  0x0000000002ab2800 JavaThread "main" [_thread_blocked, id=12236, stack(0x00000000029a0000,0x0000000002aa0000)]

Other Threads:
  0x0000000017c58000 VMThread [stack: 0x0000000019930000,0x0000000019a30000] [id=10704]
  0x0000000019b09800 WatcherThread [stack: 0x000000001a840000,0x000000001a940000] [id=22804]

VM state:not at safepoint (normal execution)

VM Mutex/Monitor currently owned by a thread: None

heap address: 0x0000000080000000, size: 2048 MB, Compressed Oops mode: 32-bit
Narrow klass base: 0x0000000000000000, Narrow klass shift: 3
Compressed class space size: 1073741824 Address: 0x0000000100000000

Heap:
 PSYoungGen      total 57344K, used 30180K [0x00000000d5580000, 0x00000000d9580000, 0x0000000100000000)
  eden space 49152K, 44% used [0x00000000d5580000,0x00000000d6aff8a8,0x00000000d8580000)
  from space 8192K, 99% used [0x00000000d8580000,0x00000000d8d79a28,0x00000000d8d80000)
  to   space 8192K, 0% used [0x00000000d8d80000,0x00000000d8d80000,0x00000000d9580000)
 ParOldGen       total 131072K, used 903K [0x0000000080000000, 0x0000000088000000, 0x00000000d5580000)
  object space 131072K, 0% used [0x0000000080000000,0x00000000800e1d80,0x0000000088000000)
 Metaspace       used 17694K, capacity 18308K, committed 18560K, reserved 1064960K
  class space    used 2424K, capacity 2628K, committed 2688K, reserved 1048576K

Card table byte_map: [0x0000000011f80000,0x0000000012390000] byte_map_base: 0x0000000011b80000

Marking Bits: (ParMarkBitMap*) 0x000000005e08f030
 Begin Bits: [0x0000000012e40000, 0x0000000014e40000)
 End Bits:   [0x0000000014e40000, 0x0000000016e40000)

Polling page: 0x0000000002980000

CodeCache: size=245760Kb used=5759Kb max_used=5775Kb free=240000Kb
 bounds [0x0000000002bc0000, 0x0000000003170000, 0x0000000011bc0000]
 total_blobs=2078 nmethods=1675 adapters=316
 compilation: enabled

Compilation events (10 events):
Event: 9.332 Thread 0x0000000019ab1000 nmethod 1676 0x000000000315e850 code [0x000000000315e9a0, 0x000000000315ea90]
Event: 9.338 Thread 0x0000000017c6c800 nmethod 1652 0x0000000003161510 code [0x0000000003161660, 0x00000000031618d8]
Event: 9.338 Thread 0x0000000017c6c800 1671 %     4       com.google.common.io.LineBuffer::add @ 47 (204 bytes)
Event: 9.370 Thread 0x0000000019ab1000 1677       3       java.util.ArrayList::toArray (60 bytes)
Event: 9.372 Thread 0x0000000019ab1000 nmethod 1677 0x000000000315dfd0 code [0x000000000315e160, 0x000000000315e718]
Event: 9.416 Thread 0x0000000019ab1000 1678       3       org.gradle.internal.service.DefaultServiceRegistry$ManagedObjectServiceProvider::requiredBy (20 bytes)
Event: 9.417 Thread 0x0000000019ab1000 nmethod 1678 0x000000000315d590 code [0x000000000315d720, 0x000000000315dc48]
Event: 9.417 Thread 0x0000000019ab1000 1679       3       org.gradle.internal.service.DefaultServiceRegistry$ManagedObjectServiceProvider::fromSameRegistry (27 bytes)
Event: 9.417 Thread 0x0000000019ab1000 nmethod 1679 0x000000000315cf90 code [0x000000000315d100, 0x000000000315d4d0]
Event: 9.442 Thread 0x0000000017c6c800 nmethod 1671% 0x0000000003164710 code [0x0000000003164900, 0x0000000003165dd8]

GC Heap History (6 events):
Event: 3.497 GC heap before
{Heap before GC invocations=1 (full 0):
 PSYoungGen      total 57344K, used 49152K [0x00000000d5580000, 0x00000000d9580000, 0x0000000100000000)
  eden space 49152K, 100% used [0x00000000d5580000,0x00000000d8580000,0x00000000d8580000)
  from space 8192K, 0% used [0x00000000d8d80000,0x00000000d8d80000,0x00000000d9580000)
  to   space 8192K, 0% used [0x00000000d8580000,0x00000000d8580000,0x00000000d8d80000)
 ParOldGen       total 131072K, used 0K [0x0000000080000000, 0x0000000088000000, 0x00000000d5580000)
  object space 131072K, 0% used [0x0000000080000000,0x0000000080000000,0x0000000088000000)
 Metaspace       used 7563K, capacity 7838K, committed 8064K, reserved 1056768K
  class space    used 929K, capacity 1037K, committed 1152K, reserved 1048576K
Event: 3.514 GC heap after
Heap after GC invocations=1 (full 0):
 PSYoungGen      total 57344K, used 4805K [0x00000000d5580000, 0x00000000d9580000, 0x0000000100000000)
  eden space 49152K, 0% used [0x00000000d5580000,0x00000000d5580000,0x00000000d8580000)
  from space 8192K, 58% used [0x00000000d8580000,0x00000000d8a31718,0x00000000d8d80000)
  to   space 8192K, 0% used [0x00000000d8d80000,0x00000000d8d80000,0x00000000d9580000)
 ParOldGen       total 131072K, used 16K [0x0000000080000000, 0x0000000088000000, 0x00000000d5580000)
  object space 131072K, 0% used [0x0000000080000000,0x0000000080004000,0x0000000088000000)
 Metaspace       used 7563K, capacity 7838K, committed 8064K, reserved 1056768K
  class space    used 929K, capacity 1037K, committed 1152K, reserved 1048576K
}
Event: 6.607 GC heap before
{Heap before GC invocations=2 (full 0):
 PSYoungGen      total 57344K, used 53957K [0x00000000d5580000, 0x00000000d9580000, 0x0000000100000000)
  eden space 49152K, 100% used [0x00000000d5580000,0x00000000d8580000,0x00000000d8580000)
  from space 8192K, 58% used [0x00000000d8580000,0x00000000d8a31718,0x00000000d8d80000)
  to   space 8192K, 0% used [0x00000000d8d80000,0x00000000d8d80000,0x00000000d9580000)
 ParOldGen       total 131072K, used 16K [0x0000000080000000, 0x0000000088000000, 0x00000000d5580000)
  object space 131072K, 0% used [0x0000000080000000,0x0000000080004000,0x0000000088000000)
 Metaspace       used 11533K, capacity 11886K, committed 12160K, reserved 1060864K
  class space    used 1532K, capacity 1641K, committed 1664K, reserved 1048576K
Event: 6.626 GC heap after
Heap after GC invocations=2 (full 0):
 PSYoungGen      total 57344K, used 6413K [0x00000000d5580000, 0x00000000d9580000, 0x0000000100000000)
  eden space 49152K, 0% used [0x00000000d5580000,0x00000000d5580000,0x00000000d8580000)
  from space 8192K, 78% used [0x00000000d8d80000,0x00000000d93c37e0,0x00000000d9580000)
  to   space 8192K, 0% used [0x00000000d8580000,0x00000000d8580000,0x00000000d8d80000)
 ParOldGen       total 131072K, used 24K [0x0000000080000000, 0x0000000088000000, 0x00000000d5580000)
  object space 131072K, 0% used [0x0000000080000000,0x0000000080006000,0x0000000088000000)
 Metaspace       used 11533K, capacity 11886K, committed 12160K, reserved 1060864K
  class space    used 1532K, capacity 1641K, committed 1664K, reserved 1048576K
}
Event: 8.623 GC heap before
{Heap before GC invocations=3 (full 0):
 PSYoungGen      total 57344K, used 55565K [0x00000000d5580000, 0x00000000d9580000, 0x0000000100000000)
  eden space 49152K, 100% used [0x00000000d5580000,0x00000000d8580000,0x00000000d8580000)
  from space 8192K, 78% used [0x00000000d8d80000,0x00000000d93c37e0,0x00000000d9580000)
  to   space 8192K, 0% used [0x00000000d8580000,0x00000000d8580000,0x00000000d8d80000)
 ParOldGen       total 131072K, used 24K [0x0000000080000000, 0x0000000088000000, 0x00000000d5580000)
  object space 131072K, 0% used [0x0000000080000000,0x0000000080006000,0x0000000088000000)
 Metaspace       used 16549K, capacity 17180K, committed 17280K, reserved 1064960K
  class space    used 2209K, capacity 2400K, committed 2432K, reserved 1048576K
Event: 8.644 GC heap after
Heap after GC invocations=3 (full 0):
 PSYoungGen      total 57344K, used 8166K [0x00000000d5580000, 0x00000000d9580000, 0x0000000100000000)
  eden space 49152K, 0% used [0x00000000d5580000,0x00000000d5580000,0x00000000d8580000)
  from space 8192K, 99% used [0x00000000d8580000,0x00000000d8d79a28,0x00000000d8d80000)
  to   space 8192K, 0% used [0x00000000d8d80000,0x00000000d8d80000,0x00000000d9580000)
 ParOldGen       total 131072K, used 903K [0x0000000080000000, 0x0000000088000000, 0x00000000d5580000)
  object space 131072K, 0% used [0x0000000080000000,0x00000000800e1d80,0x0000000088000000)
 Metaspace       used 16549K, capacity 17180K, committed 17280K, reserved 1064960K
  class space    used 2209K, capacity 2400K, committed 2432K, reserved 1048576K
}

Deoptimization events (10 events):
Event: 7.753 Thread 0x000000001aa54000 Uncommon trap: reason=class_check action=maybe_recompile pc=0x0000000002ef28d8 method=java.util.regex.Matcher.match(II)Z @ 86
Event: 7.753 Thread 0x000000001aa54000 Uncommon trap: reason=class_check action=maybe_recompile pc=0x0000000002ef28d8 method=java.util.regex.Matcher.match(II)Z @ 86
Event: 7.754 Thread 0x000000001aa54000 Uncommon trap: reason=class_check action=maybe_recompile pc=0x0000000002d7a70c method=java.util.regex.Matcher.match(II)Z @ 86
Event: 8.228 Thread 0x000000001aa54000 Uncommon trap: reason=unstable_if action=reinterpret pc=0x0000000002ee41dc method=java.io.File.getName()Ljava/lang/String; @ 16
Event: 8.228 Thread 0x000000001aa54000 Uncommon trap: reason=unstable_if action=reinterpret pc=0x0000000002ee1a54 method=java.lang.String.substring(I)Ljava/lang/String; @ 35
Event: 8.915 Thread 0x000000001aa54000 Uncommon trap: reason=unstable_if action=reinterpret pc=0x0000000002f3e1f0 method=java.util.LinkedHashMap.afterNodeInsertion(Z)V @ 1
Event: 8.920 Thread 0x000000001aa54000 Uncommon trap: reason=unstable_if action=reinterpret pc=0x0000000002e38584 method=java.util.HashMap.getNode(ILjava/lang/Object;)Ljava/util/HashMap$Node; @ 129
Event: 8.920 Thread 0x000000001aa54000 Uncommon trap: reason=bimorphic action=maybe_recompile pc=0x000000000309ac58 method=java.util.HashMap.putVal(ILjava/lang/Object;Ljava/lang/Object;ZZ)Ljava/lang/Object; @ 203
Event: 8.932 Thread 0x000000001aa54000 Uncommon trap: reason=unstable_if action=reinterpret pc=0x0000000002e2c650 method=java.util.HashMap.getNode(ILjava/lang/Object;)Ljava/util/HashMap$Node; @ 129
Event: 8.932 Thread 0x000000001aa54000 Uncommon trap: reason=bimorphic action=maybe_recompile pc=0x000000000309ac58 method=java.util.HashMap.putVal(ILjava/lang/Object;Ljava/lang/Object;ZZ)Ljava/lang/Object; @ 203

Classes redefined (0 events):
No events

Internal exceptions (10 events):
Event: 6.750 Thread 0x0000000019b1a000 Exception <a 'java/lang/NoSuchMethodError': <clinit>> (0x00000000d563e978) thrown at [C:\src\AOSP-openjdk-git\hotspot\src\share\vm\prims\jni.cpp, line 1615]
Event: 6.756 Thread 0x0000000019b1a000 Exception <a 'java/lang/NoSuchMethodError': <clinit>> (0x00000000d5652f30) thrown at [C:\src\AOSP-openjdk-git\hotspot\src\share\vm\prims\jni.cpp, line 1615]
Event: 6.786 Thread 0x0000000019b1a000 Exception <a 'java/lang/NoSuchMethodError': <clinit>> (0x00000000d570fd50) thrown at [C:\src\AOSP-openjdk-git\hotspot\src\share\vm\prims\jni.cpp, line 1615]
Event: 6.811 Thread 0x0000000019b1a000 Exception <a 'java/lang/NoSuchMethodError': <clinit>> (0x00000000d574a238) thrown at [C:\src\AOSP-openjdk-git\hotspot\src\share\vm\prims\jni.cpp, line 1615]
Event: 6.827 Thread 0x0000000019b1a000 Exception <a 'java/lang/NoSuchMethodError': <clinit>> (0x00000000d577ff08) thrown at [C:\src\AOSP-openjdk-git\hotspot\src\share\vm\prims\jni.cpp, line 1615]
Event: 6.834 Thread 0x0000000019b1a000 Exception <a 'java/lang/NoSuchMethodError': <clinit>> (0x00000000d578c468) thrown at [C:\src\AOSP-openjdk-git\hotspot\src\share\vm\prims\jni.cpp, line 1615]
Event: 8.356 Thread 0x000000001aa54000 Exception <a 'java/lang/NoSuchMethodError': java.lang.Object.lambda$and$0(Ljava/util/function/Predicate;Ljava/lang/Object;)Z> (0x00000000d7cf3418) thrown at [C:\src\AOSP-openjdk-git\hotspot\src\share\vm\interpreter\linkResolver.cpp, line 620]
Event: 8.370 Thread 0x000000001aa54000 Exception <a 'java/lang/IncompatibleClassChangeError': Found class java.lang.Object, but interface was expected> (0x00000000d7d03710) thrown at [C:\src\AOSP-openjdk-git\hotspot\src\share\vm\interpreter\linkResolver.cpp, line 653]
Event: 8.375 Thread 0x000000001aa54000 Exception <a 'java/lang/NoSuchMethodError': java.lang.Object.lambda$or$2(Ljava/util/function/Predicate;Ljava/lang/Object;)Z> (0x00000000d7d08260) thrown at [C:\src\AOSP-openjdk-git\hotspot\src\share\vm\interpreter\linkResolver.cpp, line 620]
Event: 9.098 Thread 0x000000001aa54000 Exception <a 'java/lang/NoSuchMethodError': java.lang.Object.lambda$static$0(Lorg/gradle/internal/state/ModelObject;)Ljava/lang/String;> (0x00000000d652d580) thrown at [C:\src\AOSP-openjdk-git\hotspot\src\share\vm\interpreter\linkResolver.cpp, line 620]

Events (10 events):
Event: 9.475 loading class com/google/common/cache/CacheLoader$FunctionToCacheLoader
Event: 9.475 loading class com/google/common/cache/CacheLoader$FunctionToCacheLoader done
Event: 9.476 loading class com/google/common/cache/CacheLoader$1
Event: 9.476 loading class com/google/common/cache/CacheLoader$1 done
Event: 9.477 loading class com/google/common/cache/LocalCache$LocalLoadingCache
Event: 9.477 loading class com/google/common/cache/LocalCache$LocalLoadingCache done
Event: 9.480 loading class org/gradle/api/internal/plugins/PotentialPlugin
Event: 9.480 loading class org/gradle/api/internal/plugins/PotentialPlugin done
Event: 9.482 loading class org/gradle/api/internal/plugins/DefaultPluginRegistry
Event: 9.482 loading class org/gradle/api/internal/plugins/DefaultPluginRegistry done


Dynamic libraries:
0x00007ff77d1a0000 - 0x00007ff77d1d1000 	D:\App\Android\Android Studio\jre\bin\java.exe
0x00007ff9b3730000 - 0x00007ff9b3926000 	C:\WINDOWS\SYSTEM32\ntdll.dll
0x00007ff9b2920000 - 0x00007ff9b29dd000 	C:\WINDOWS\System32\KERNEL32.DLL
0x00007ff9b1250000 - 0x00007ff9b1518000 	C:\WINDOWS\System32\KERNELBASE.dll
0x00007ff9b34e0000 - 0x00007ff9b358a000 	C:\WINDOWS\System32\ADVAPI32.dll
0x00007ff9b2880000 - 0x00007ff9b291e000 	C:\WINDOWS\System32\msvcrt.dll
0x00007ff9b2b50000 - 0x00007ff9b2beb000 	C:\WINDOWS\System32\sechost.dll
0x00007ff9b17a0000 - 0x00007ff9b18c4000 	C:\WINDOWS\System32\RPCRT4.dll
0x00007ff9b18e0000 - 0x00007ff9b1a80000 	C:\WINDOWS\System32\USER32.dll
0x00007ff9b1170000 - 0x00007ff9b1192000 	C:\WINDOWS\System32\win32u.dll
0x00007ff9b1c20000 - 0x00007ff9b1c4a000 	C:\WINDOWS\System32\GDI32.dll
0x00007ff9b0fe0000 - 0x00007ff9b10e9000 	C:\WINDOWS\System32\gdi32full.dll
0x00007ff9b15a0000 - 0x00007ff9b163d000 	C:\WINDOWS\System32\msvcp_win.dll
0x00007ff9b0ee0000 - 0x00007ff9b0fe0000 	C:\WINDOWS\System32\ucrtbase.dll
0x00007ff99e7a0000 - 0x00007ff99ea3b000 	C:\WINDOWS\WinSxS\amd64_microsoft.windows.common-controls_6595b64144ccf1df_6.0.19041.488_none_ca04af081b815d21\COMCTL32.dll
0x00007ff9b36c0000 - 0x00007ff9b36f0000 	C:\WINDOWS\System32\IMM32.DLL
0x000000005e370000 - 0x000000005e442000 	D:\App\Android\Android Studio\jre\jre\bin\msvcr100.dll
0x000000005d8c0000 - 0x000000005e10b000 	D:\App\Android\Android Studio\jre\jre\bin\server\jvm.dll
0x00007ff9b21f0000 - 0x00007ff9b21f8000 	C:\WINDOWS\System32\PSAPI.DLL
0x00007ff9a86a0000 - 0x00007ff9a86a9000 	C:\WINDOWS\SYSTEM32\WSOCK32.dll
0x00007ff9a9470000 - 0x00007ff9a947a000 	C:\WINDOWS\SYSTEM32\VERSION.dll
0x00007ff9a0530000 - 0x00007ff9a0557000 	C:\WINDOWS\SYSTEM32\WINMM.dll
0x00007ff9b1c50000 - 0x00007ff9b1cbb000 	C:\WINDOWS\System32\WS2_32.dll
0x00007ff9a9870000 - 0x00007ff9a987f000 	D:\App\Android\Android Studio\jre\jre\bin\verify.dll
0x00007ff9a96a0000 - 0x00007ff9a96c9000 	D:\App\Android\Android Studio\jre\jre\bin\java.dll
0x00007ff9a86e0000 - 0x00007ff9a86f6000 	D:\App\Android\Android Studio\jre\jre\bin\zip.dll
0x00007ff9b2da0000 - 0x00007ff9b34e0000 	C:\WINDOWS\System32\SHELL32.dll
0x00007ff9aefb0000 - 0x00007ff9af744000 	C:\WINDOWS\SYSTEM32\windows.storage.dll
0x00007ff9b2340000 - 0x00007ff9b2695000 	C:\WINDOWS\System32\combase.dll
0x00007ff9b0810000 - 0x00007ff9b083c000 	C:\WINDOWS\SYSTEM32\Wldp.dll
0x00007ff9b1b70000 - 0x00007ff9b1c1e000 	C:\WINDOWS\System32\SHCORE.dll
0x00007ff9b2190000 - 0x00007ff9b21e5000 	C:\WINDOWS\System32\shlwapi.dll
0x00007ff9b0db0000 - 0x00007ff9b0dd6000 	C:\WINDOWS\SYSTEM32\profapi.dll
0x00007ff9a2120000 - 0x00007ff9a213a000 	D:\App\Android\Android Studio\jre\jre\bin\net.dll
0x00007ff9b05a0000 - 0x00007ff9b060a000 	C:\WINDOWS\system32\mswsock.dll
0x00007ff9a2100000 - 0x00007ff9a2113000 	D:\App\Android\Android Studio\jre\jre\bin\nio.dll
0x00007ff975060000 - 0x00007ff975087000 	C:\Users\mal\.gradle\native\f6784746aeab05261644944871eae4fe03e0ef1612fff0a4a95f87b438bc6780\windows-amd64\native-platform.dll
0x00007ff9a86d0000 - 0x00007ff9a86dd000 	D:\App\Android\Android Studio\jre\jre\bin\management.dll
0x00007ff9b0770000 - 0x00007ff9b0788000 	C:\WINDOWS\SYSTEM32\CRYPTSP.dll
0x00007ff9aff30000 - 0x00007ff9aff64000 	C:\WINDOWS\system32\rsaenh.dll
0x00007ff9b1520000 - 0x00007ff9b1547000 	C:\WINDOWS\System32\bcrypt.dll
0x00007ff9b0d30000 - 0x00007ff9b0d5e000 	C:\WINDOWS\SYSTEM32\USERENV.dll
0x00007ff9b10f0000 - 0x00007ff9b116f000 	C:\WINDOWS\System32\bcryptprimitives.dll
0x00007ff9b0be0000 - 0x00007ff9b0bec000 	C:\WINDOWS\SYSTEM32\CRYPTBASE.dll
0x00007ff9b0290000 - 0x00007ff9b02cb000 	C:\WINDOWS\SYSTEM32\IPHLPAPI.DLL
0x00007ff9b18d0000 - 0x00007ff9b18d9000 	C:\WINDOWS\System32\NSI.dll
0x00007ff9a94a0000 - 0x00007ff9a94b7000 	C:\WINDOWS\SYSTEM32\dhcpcsvc6.DLL
0x00007ff9aa290000 - 0x00007ff9aa2ad000 	C:\WINDOWS\SYSTEM32\dhcpcsvc.DLL
0x00007ff9b02d0000 - 0x00007ff9b039b000 	C:\WINDOWS\SYSTEM32\DNSAPI.dll
0x00007ff9aa5d0000 - 0x00007ff9aa5db000 	C:\WINDOWS\SYSTEM32\WINNSI.DLL

VM Arguments:
jvm_args: -Xmx2048m -Dfile.encoding=UTF-8 -Duser.country=MY -Duser.language=en -Duser.variant 
java_command: org.gradle.launcher.daemon.bootstrap.GradleDaemon 6.5
java_class_path (initial): C:\Users\mal\.gradle\wrapper\dists\gradle-6.5-bin\6nifqtx7604sqp1q6g8wikw7p\gradle-6.5\lib\gradle-launcher-6.5.jar
Launcher Type: SUN_STANDARD

Environment Variables:
PATH=D:\Program Files\dart-sdk\bin;D:\Program Files\AdoptOpenJDK\jdk-14.0.2.12-hotspot\bin;C:\Program Files (x86)\Common Files\Oracle\Java\javapath;C:\Program Files (x86)\Intel\iCLS Client\;C:\Program Files\Intel\iCLS Client\;C:\Windows\system32;C:\Windows;C:\Windows\System32\Wbem;C:\Windows\System32\WindowsPowerShell\v1.0\;C:\Program Files (x86)\NVIDIA Corporation\PhysX\Common;C:\Program Files (x86)\Intel\Intel(R) Management Engine Components\DAL;C:\Program Files\Intel\Intel(R) Management Engine Components\DAL;C:\Program Files (x86)\Intel\Intel(R) Management Engine Components\IPT;C:\Program Files\Intel\Intel(R) Management Engine Components\IPT;C:\WINDOWS\system32;C:\WINDOWS;C:\WINDOWS\System32\Wbem;C:\WINDOWS\System32\WindowsPowerShell\v1.0\;C:\WINDOWS\System32\OpenSSH\;C:\Program Files\NVIDIA Corporation\NVIDIA NvDLISR;C:\WINDOWS\system32;C:\WINDOWS;C:\WINDOWS\System32\Wbem;C:\WINDOWS\System32\WindowsPowerShell\v1.0\;C:\WINDOWS\System32\OpenSSH\;C:\Program Files\Microsoft\Web Platform Installer\;D:\xampp\php;C:\xampp\php;C:\composer;C:\Program Files\Git\cmd;C:\Program Files\Git\mingw64\bin;C:\Program Files\Git\usr\bin;C:\ProgramData\chocolatey\bin;D:\Program Files\flutter\bin;C:\Users\mal\AppData\Local\Microsoft\WindowsApps;D:\Program Files (x86)\dart-sass;C:\Users\mal\AppData\Roaming\Composer\vendor\bin;C:\Users\mal\AppData\Local\Programs\Microsoft VS Code\bin;C:\Users\mal\AppData\Local\Microsoft\WindowsApps;C:\tools\dart-sdk\bin;C:\Users\mal\AppData\Roaming\Pub\Cache\bin;
USERNAME=mal
OS=Windows_NT
PROCESSOR_IDENTIFIER=Intel64 Family 6 Model 158 Stepping 9, GenuineIntel



---------------  S Y S T E M  ---------------

OS: Windows 10.0 , 64 bit Build 19041 (10.0.19041.546)

CPU:total 8 (initial active 8) (4 cores per cpu, 2 threads per core) family 6 model 158 stepping 9, cmov, cx8, fxsr, mmx, sse, sse2, sse3, ssse3, sse4.1, sse4.2, popcnt, avx, avx2, aes, clmul, erms, 3dnowpref, lzcnt, ht, tsc, tscinvbit, bmi1, bmi2, adx

Memory: 4k page, physical 12500728k(1302080k free), swap 27959924k(0k free)

vm_info: OpenJDK 64-Bit Server VM (25.242-b01) for windows-amd64 JRE (1.8.0_242-release-1644-b01), built by "builder" with MS VC++ 10.0 (VS2010)

time: Mon Oct 26 00:02:44 2020
timezone: Malay Peninsula Standard Time
elapsed time: 9 seconds (0d 0h 0m 9s)

